Target Part: A2F200M3F_FBGA484_STD
Report for cell N64.verilog
  Core Cell usage:
              cell count     area count*area
              AOI1     1      1.0        1.0
               AX1     1      1.0        1.0
              AX1C     3      1.0        3.0
               GND     6      0.0        0.0
               INV     4      1.0        4.0
           MSS_CCC     1      0.0        0.0
              MX2A     1      1.0        1.0
              NOR2     2      1.0        2.0
             NOR2A     6      1.0        6.0
             NOR2B    30      1.0       30.0
              NOR3     1      1.0        1.0
             NOR3B     9      1.0        9.0
             NOR3C     7      1.0        7.0
              OA1B     1      1.0        1.0
              OA1C     3      1.0        3.0
               OR2     2      1.0        2.0
              OR2A    13      1.0       13.0
              OR2B     3      1.0        3.0
              OR3A     1      1.0        1.0
              OR3B     3      1.0        3.0
              OR3C     2      1.0        2.0
             RCOSC     1      0.0        0.0
               VCC     6      0.0        0.0
               XA1     1      1.0        1.0
              XA1A     6      1.0        6.0
              XOR2     4      1.0        4.0


              DFN1    64      1.0       64.0
                   -----          ----------
             TOTAL   182               168.0


  IO Cell usage:
              cell count
             INBUF     1
            OUTBUF     5
                   -----
             TOTAL     6


Core Cells         : 168 of 4608 (4%)
IO Cells           : 6

  RAM/ROM Usage Summary
Block Rams : 0 of 8 (0%)

