Target Part: A2F200M3F_FBGA484_STD
Report for cell N64.verilog
  Core Cell usage:
              cell count     area count*area
              AX1C    12      1.0       12.0
               GND     8      0.0        0.0
               INV     5      1.0        5.0
           MSS_APB     1      0.0        0.0
           MSS_CCC     1      0.0        0.0
              NOR2     6      1.0        6.0
             NOR2A    15      1.0       15.0
             NOR2B     4      1.0        4.0
              NOR3     3      1.0        3.0
             NOR3C    14      1.0       14.0
              OA1B     3      1.0        3.0
               OR2    23      1.0       23.0
               OR3     1      1.0        1.0
             RCOSC     1      0.0        0.0
               VCC     8      0.0        0.0
              XOR2    13      1.0       13.0


              DFN1    70      1.0       70.0
            DFN1E1    16      1.0       16.0
                   -----          ----------
             TOTAL   204               185.0


  IO Cell usage:
              cell count
         BIBUF_MSS     1
             INBUF     1
            OUTBUF    24
                   -----
             TOTAL    26


Core Cells         : 185 of 4608 (4%)
IO Cells           : 26

  RAM/ROM Usage Summary
Block Rams : 0 of 8 (0%)

