FlashPro
Version: 11.8.0.26
Release: v11.8

Software Version: 11.8.0.26
PDB file 'C:\Users\pearcere\Documents\N64\designer\impl1\N64_fp\N64.pdb' has been loaded
successfully.
DESIGN : N64;  CHECKSUM : 08B6;  PDB_VERSION : 1.9
Driver : 3.0.0 build 1
programmer '79023' : FlashPro3
Opened 'C:\Users\pearcere\Documents\N64\designer\impl1\N64_fp\N64.pro'
The 'open_project' command succeeded.
The 'set_programming_file' command succeeded.
The 'set_device_type' command succeeded.
The 'set_device_package' command succeeded.
Info: Adding Flash Memory data from file
      C:\Users\pearcere\Documents\N64\component\work\N64_MSS\MSS_ENVM_0\MSS_ENVM_0.efc.
Info: Adding FPGA Array data from file C:\Users\pearcere\Documents\N64\designer\impl1\N64.fdb.
PDB file 'C:\Users\pearcere\Documents\N64\designer\impl1\N64_fp\N64.pdb' has been loaded
successfully.
DESIGN : N64;  CHECKSUM : 4190;  PDB_VERSION : 1.9
The 'update_programming_file' command succeeded.
The 'set_programming_action' command succeeded.
programmer '79023' : Scan Chain...
Warning: programmer '79023' : Vpump has been selected on programmer AND an externally provided
         Vpump has also been detected. Using externally provided Vpump voltage source.
programmer '79023' : Scan Chain PASSED.
programmer '79023' : Executing action PROGRAM
programmer '79023' : EXPORT FSN[48] = 014b3e649840
programmer '79023' : Erase ...
programmer '79023' : Completed erase
programmer '79023' : EXPORT CHECKSUM[16] = 4190
programmer '79023' : Programming FPGA Array
programmer '79023' : Verifying FPGA Array
programmer '79023' :         Verifying FPGA Array -- pass
programmer '79023' : Program System Init and Boot Clients...
programmer '79023' : Verify System Init and Boot Clients...
programmer '79023' : Finished: Tue Nov 28 17:45:22 2017 (Elapsed time 00:00:35)
programmer '79023' : Executing action PROGRAM PASSED.

                        o - o - o - o - o - o

The 'run_selected_actions' command succeeded.
Project saved.
The 'save_project' command succeeded.
Project closed.
