
Starting:    C:\Microsemi\Libero_SoC_v11.8\SynplifyPro\bin64\mbin\synbatch.exe
Install:     C:\Microsemi\Libero_SoC_v11.8\SynplifyPro
Hostname:    EECS373-11
Date:        Tue Nov 28 17:41:25 2017
Version:     L-2016.09M-2

Arguments:   -product synplify_pro -licensetype synplifypro_actel -batch -log synplify.log N64_syn.tcl
ProductType: synplify_pro

License checkout: synplifypro_actel
License: synplifypro_actel node-locked 
Licensed Vendor: actel
License Option: actel_oem

Running in Vendor Mode


auto_infer_blackbox is not supported in current product.

log file: "C:\Users\pearcere\Documents\N64\synthesis\N64.srr"

Running: synthesis in foreground



Running N64_syn|synthesis


Running: compile (Compile) on N64_syn|synthesis
# Tue Nov 28 17:41:25 2017


Running: compile_flow (Compile Process) on N64_syn|synthesis
# Tue Nov 28 17:41:25 2017


Running: compiler (Compile Input) on N64_syn|synthesis
# Tue Nov 28 17:41:25 2017

Copied C:\Users\pearcere\Documents\N64\synthesis\synwork\N64_comp.srs to C:\Users\pearcere\Documents\N64\synthesis\N64.srs


compiler completed
# Tue Nov 28 17:41:26 2017

Return Code: 0
Run Time:00h:00m:01s


Running: multi_srs_gen (Multi-srs Generator) on N64_syn|synthesis
# Tue Nov 28 17:41:27 2017


multi_srs_gen completed
# Tue Nov 28 17:41:27 2017

Return Code: 0
Run Time:00h:00m:00s

Copied C:\Users\pearcere\Documents\N64\synthesis\synwork\N64_mult.srs to C:\Users\pearcere\Documents\N64\synthesis\N64.srs

Complete: Compile Process on N64_syn|synthesis


Running: premap (Pre-mapping) on N64_syn|synthesis
# Tue Nov 28 17:41:27 2017


premap completed with warnings
# Tue Nov 28 17:41:27 2017

Return Code: 1
Run Time:00h:00m:00s

Complete: Compile on N64_syn|synthesis


Running: map (Map) on N64_syn|synthesis
# Tue Nov 28 17:41:27 2017

License granted for 4 parallel jobs


Running: fpga_mapper (Map & Optimize) on N64_syn|synthesis
# Tue Nov 28 17:41:27 2017

Copied C:\Users\pearcere\Documents\N64\synthesis\synwork\N64_m.srm to C:\Users\pearcere\Documents\N64\synthesis\N64.srm


fpga_mapper completed with warnings
# Tue Nov 28 17:41:28 2017

Return Code: 1
Run Time:00h:00m:01s

Complete: Map on N64_syn|synthesis

Complete: Logic Synthesis on N64_syn|synthesis

TCL script complete: "N64_syn.tcl"

exit status=0

exit status=0

License checkin: synplifypro_actel

